2025-08-11 16:47:07 - INFO - Starting analysis for GoM dataset
2025-08-11 16:47:07 - INFO - Plot seed: 42
2025-08-11 16:47:07 - INFO - Score seeds: [1, 2, 3, 4, 5, 40, 41, 42, 43, 44]
2025-08-11 16:47:07 - INFO - Output directory: analysis_results/GoM_analysis
2025-08-11 16:47:07 - INFO - Loading data and creating plot...
2025-08-11 16:47:08 - INFO - Plot saved: analysis_results/GoM_analysis/GoM_results_seed_42.png
2025-08-11 16:47:08 - INFO - Calculating scores across multiple seeds...
2025-08-11 16:47:09 - INFO - 
Calculating scores for GoM:
2025-08-11 16:47:09 - INFO - --------------------------------------------------
2025-08-11 16:47:12 - INFO - Seed 1: MMD = 1.565740, EMD = 0.663637
2025-08-11 16:47:15 - INFO - Seed 2: MMD = 1.517779, EMD = 0.664065
2025-08-11 16:47:18 - INFO - Seed 3: MMD = 1.481558, EMD = 0.639815
2025-08-11 16:47:21 - INFO - Seed 4: MMD = 1.500592, EMD = 0.646637
2025-08-11 16:47:24 - INFO - Seed 5: MMD = 1.469426, EMD = 0.625871
2025-08-11 16:47:26 - INFO - Seed 40: MMD = 1.594766, EMD = 0.707828
2025-08-11 16:47:29 - INFO - Seed 41: MMD = 1.527624, EMD = 0.677825
2025-08-11 16:47:32 - INFO - Seed 42: MMD = 1.531137, EMD = 0.670414
2025-08-11 16:47:34 - INFO - Seed 43: MMD = 1.513275, EMD = 0.662703
2025-08-11 16:47:37 - INFO - Seed 44: MMD = 1.543365, EMD = 0.679473
2025-08-11 16:47:37 - INFO - 
MMD Results:
2025-08-11 16:47:37 - INFO - Mean ± Std: 1.524526 ± 0.035592
2025-08-11 16:47:37 - INFO - 
EMD Results:
2025-08-11 16:47:37 - INFO - Mean ± Std: 0.663827 ± 0.021758
2025-08-11 16:47:37 - INFO - Analysis complete for GoM!
2025-08-11 16:47:37 - INFO - Results saved to: analysis_results/GoM_analysis
2025-08-11 16:47:37 - INFO - Log file: analysis_results/GoM_analysis/GoM_analysis.log
